pngtopnm: reading a 640w x 300h image, 8 bits
pngtopnm: truecolor+alpha, not interlaced, base filter
pngtopnm: background {index, gray, red, green, blue} = {0, 0, 0, 0, 0}
pngtopnm: tRNS chunk (transparency): not present
pngtopnm: gAMA chunk (image gamma): not present
pngtopnm: sBIT chunk: present
pngtopnm: cHRM chunk: not present
pngtopnm: PLTE chunk: not present
pngtopnm: bKGD chunk: not present
pngtopnm: hIST chunk: not present
pngtopnm: pHYs chunk: present
pngtopnm: oFFs chunk: not present
pngtopnm: tIME chunk: not present
pngtopnm: pCAL chunk: not present
pngtopnm: sRGB chunk: not present
pngtopnm: writing a PPM file (maxval=255)
pnmremap: 16 colors found in colormap
pnmremap: 0 pixels not matched in color map
192000 pixels, 85622 bytes, (10.81% compression)
#002875=0
#08459a=1
#144d9a=2
#1855a2=3
#2859a6=4
#2865b2=5
#3165ae=6
#ffffff=7
#3d69aa=8
#45659e=9
#3571be=10
#4171ba=11
#4571b6=12
#6186be=13
#92aed2=14
#cadbeb=15
pnmtopng: reading a PPM file (maxval=255)
pnmtopng: Finding colors in input image...
pnmtopng: 16 colors found
pnmtopng: reading ordered palette (colormap)...
pnmtopng: 16 colors found
pnmtopng: PNG palette has 16 entries, 0 of them non-opaque
pnmtopng: Writing 4-bit color indexes
pnmtopng: writing a 4-bit palette file
