pngtopnm: reading a 640w x 300h image, 8 bits
pngtopnm: truecolor+alpha, not interlaced, base filter
pngtopnm: background {index, gray, red, green, blue} = {0, 0, 0, 0, 0}
pngtopnm: tRNS chunk (transparency): not present
pngtopnm: gAMA chunk (image gamma): not present
pngtopnm: sBIT chunk: present
pngtopnm: cHRM chunk: not present
pngtopnm: PLTE chunk: not present
pngtopnm: bKGD chunk: not present
pngtopnm: hIST chunk: not present
pngtopnm: pHYs chunk: present
pngtopnm: oFFs chunk: not present
pngtopnm: tIME chunk: not present
pngtopnm: pCAL chunk: not present
pngtopnm: sRGB chunk: not present
pngtopnm: writing a PPM file (maxval=255)
pnmremap: 16 colors found in colormap
pnmremap: 0 pixels not matched in color map
192000 pixels, 83363 bytes, (13.16% compression)
#040804=0
#10100c=1
#141414=2
#181414=3
#1c1c18=4
#242420=5
#312d28=6
#ffffff=7
#393931=8
#45413d=9
#514945=10
#5d5951=11
#756d61=12
#8a8275=13
#a2968a=14
#baae9e=15
pnmtopng: reading a PPM file (maxval=255)
pnmtopng: Finding colors in input image...
pnmtopng: 16 colors found
pnmtopng: reading ordered palette (colormap)...
pnmtopng: 16 colors found
pnmtopng: PNG palette has 16 entries, 0 of them non-opaque
pnmtopng: Writing 4-bit color indexes
pnmtopng: writing a 4-bit palette file
