\BOOKMARK [1][-]{section.1}{Introduction}{}
\BOOKMARK [1][-]{section.2}{Installation}{}
\BOOKMARK [2][-]{subsection.2.1}{Subversion}{section.2}
\BOOKMARK [2][-]{subsection.2.2}{Inkscape}{section.2}
\BOOKMARK [2][-]{subsection.2.3}{ImageMagick}{section.2}
\BOOKMARK [2][-]{subsection.2.4}{Netpbm}{section.2}
\BOOKMARK [2][-]{subsection.2.5}{Syslinux}{section.2}
\BOOKMARK [2][-]{subsection.2.6}{GNU Image Manipulation Program}{section.2}
\BOOKMARK [2][-]{subsection.2.7}{GNU Core Utilities}{section.2}
\BOOKMARK [2][-]{subsection.2.8}{LaTeX}{section.2}
\BOOKMARK [1][-]{section.3}{Configuration}{}
\BOOKMARK [2][-]{subsection.3.1}{Firewall}{section.3}
\BOOKMARK [2][-]{subsection.3.2}{Subversion Behind Squid}{section.3}
\BOOKMARK [3][-]{subsubsection.3.2.1}{Subversion Client Configuration}{subsection.3.2}
\BOOKMARK [3][-]{subsubsection.3.2.2}{Squid Server Configuration}{subsection.3.2}
\BOOKMARK [2][-]{subsection.3.3}{Working Copy}{section.3}
\BOOKMARK [2][-]{subsection.3.4}{User Identification}{section.3}
\BOOKMARK [3][-]{subsubsection.3.4.1}{Account Registration}{subsection.3.4}
\BOOKMARK [3][-]{subsubsection.3.4.2}{Account Privileges}{subsection.3.4}
\BOOKMARK [2][-]{subsection.3.5}{Shell Environment}{section.3}
\BOOKMARK [3][-]{subsubsection.3.5.1}{Relative Paths}{subsection.3.5}
\BOOKMARK [3][-]{subsubsection.3.5.2}{Absolute Paths}{subsection.3.5}
\BOOKMARK [3][-]{subsubsection.3.5.3}{Environment Variable Definition}{subsection.3.5}
\BOOKMARK [3][-]{subsubsection.3.5.4}{Environment Variable Initialization}{subsection.3.5}
\BOOKMARK [1][-]{section.4}{Framework}{}
\BOOKMARK [2][-]{subsection.4.1}{Identity}{section.4}
\BOOKMARK [3][-]{subsubsection.4.1.1}{Design Templates}{subsection.4.1}
\BOOKMARK [3][-]{subsubsection.4.1.2}{Design Templates Export Id}{subsection.4.1}
\BOOKMARK [3][-]{subsubsection.4.1.3}{Design Models}{subsection.4.1}
\BOOKMARK [3][-]{subsubsection.4.1.4}{Image Files}{subsection.4.1}
\BOOKMARK [3][-]{subsubsection.4.1.5}{Image Files Rendering}{subsection.4.1}
\BOOKMARK [2][-]{subsection.4.2}{Translations}{section.4}
\BOOKMARK [3][-]{subsubsection.4.2.1}{Common Translations}{subsection.4.2}
\BOOKMARK [3][-]{subsubsection.4.2.2}{Specific Translations}{subsection.4.2}
\BOOKMARK [3][-]{subsubsection.4.2.3}{Translation Path}{subsection.4.2}
\BOOKMARK [3][-]{subsubsection.4.2.4}{Translation Markers}{subsection.4.2}
\BOOKMARK [3][-]{subsubsection.4.2.5}{Translation Rendering}{subsection.4.2}
\BOOKMARK [3][-]{subsubsection.4.2.6}{Translation Rendering Script}{subsection.4.2}
\BOOKMARK [3][-]{subsubsection.4.2.7}{Translation Template Directory}{subsection.4.2}
\BOOKMARK [2][-]{subsection.4.3}{Manuals}{section.4}
\BOOKMARK [3][-]{subsubsection.4.3.1}{Writing Style}{subsection.4.3}
\BOOKMARK [3][-]{subsubsection.4.3.2}{File Structure}{subsection.4.3}
\BOOKMARK [3][-]{subsubsection.4.3.3}{Exporting To PDF}{subsection.4.3}
\BOOKMARK [2][-]{subsection.4.4}{Scripts}{section.4}
\BOOKMARK [3][-]{subsubsection.4.4.1}{Invocation Scripts}{subsection.4.4}
\BOOKMARK [3][-]{subsubsection.4.4.2}{Configuration Scripts}{subsection.4.4}
\BOOKMARK [3][-]{subsubsection.4.4.3}{Function Scripts}{subsection.4.4}
\BOOKMARK [1][-]{section.5}{Rebranding}{}
\BOOKMARK [2][-]{subsection.5.1}{Images}{section.5}
\BOOKMARK [3][-]{subsubsection.5.1.1}{redhat-logos}{subsection.5.1}
\BOOKMARK [2][-]{subsection.5.2}{Messages Locale}{section.5}
\BOOKMARK [2][-]{subsection.5.3}{Release Notes}{section.5}
\BOOKMARK [3][-]{subsubsection.5.3.1}{centos-release-notes}{subsection.5.3}
\BOOKMARK [1][-]{section.6}{GNU Free Documentation License}{}
\BOOKMARK [2][-]{subsection.6.1}{Applicability And Definitions}{section.6}
\BOOKMARK [2][-]{subsection.6.2}{Verbatim Copying}{section.6}
\BOOKMARK [2][-]{subsection.6.3}{Copying In Quantity}{section.6}
\BOOKMARK [2][-]{subsection.6.4}{Modifications}{section.6}
\BOOKMARK [2][-]{subsection.6.5}{Combining Documents}{section.6}
\BOOKMARK [2][-]{subsection.6.6}{Collections Of Documents}{section.6}
\BOOKMARK [2][-]{subsection.6.7}{Aggregation With Independent Works}{section.6}
\BOOKMARK [2][-]{subsection.6.8}{Translation}{section.6}
\BOOKMARK [2][-]{subsection.6.9}{Termination}{section.6}
\BOOKMARK [2][-]{subsection.6.10}{Future Revisions Of This License}{section.6}
\BOOKMARK [2][-]{subsection.6.11}{How to use this License for your documents}{section.6}
