This is pdfeTeX, Version 3.141592-1.21a-2.2 (Web2C 7.5.4) (format=pdflatex 2009.1.14)  30 MAR 2010 23:16
entering extended mode
**Manual.tex
(./Manual.tex
LaTeX2e <2003/12/01>
Babel <v3.8d> and hyphenation patterns for american, french, german, ngerman, b
ahasa, basque, bulgarian, catalan, croatian, czech, danish, dutch, esperanto, e
stonian, finnish, greek, icelandic, irish, italian, latin, magyar, norsk, polis
h, portuges, romanian, russian, serbian, slovak, slovene, spanish, swedish, tur
kish, ukrainian, nohyphenation, loaded.
(/usr/share/texmf/tex/latex/base/article.cls
Document Class: article 2004/02/16 v1.4f Standard LaTeX document class
(/usr/share/texmf/tex/latex/base/size12.clo
File: size12.clo 2004/02/16 v1.4f Standard LaTeX file (size option)
)
\c@part=\count79
\c@section=\count80
\c@subsection=\count81
\c@subsubsection=\count82
\c@paragraph=\count83
\c@subparagraph=\count84
\c@figure=\count85
\c@table=\count86
\abovecaptionskip=\skip41
\belowcaptionskip=\skip42
\bibindent=\dimen102
)
(/usr/share/texmf/tex/latex/graphics/graphicx.sty
Package: graphicx 1999/02/16 v1.0f Enhanced LaTeX Graphics (DPC,SPQR)

(/usr/share/texmf/tex/latex/graphics/keyval.sty
Package: keyval 1999/03/16 v1.13 key=value parser (DPC)
\KV@toks@=\toks14
)
(/usr/share/texmf/tex/latex/graphics/graphics.sty
Package: graphics 2001/07/07 v1.0n Standard LaTeX Graphics (DPC,SPQR)

(/usr/share/texmf/tex/latex/graphics/trig.sty
Package: trig 1999/03/16 v1.09 sin cos tan (DPC)
)
(/usr/share/texmf/tex/latex/graphics/graphics.cfg
File: graphics.cfg 2005/02/03 v1.3 graphics configuration of teTeX/TeXLive
)
Package graphics Info: Driver file: pdftex.def on input line 80.

(/usr/share/texmf/tex/latex/graphics/pdftex.def
File: pdftex.def 2002/06/19 v0.03k graphics/color for pdftex
\Gread@gobject=\count87
))
\Gin@req@height=\dimen103
\Gin@req@width=\dimen104
)
(/usr/share/texmf/tex/latex/hyperref/hyperref.sty
Package: hyperref 2003/11/30 v6.74m Hypertext links for LaTeX
\@linkdim=\dimen105
\Hy@linkcounter=\count88
\Hy@pagecounter=\count89

(/usr/share/texmf/tex/latex/hyperref/pd1enc.def
File: pd1enc.def 2003/11/30 v6.74m Hyperref: PDFDocEncoding definition (HO)
)
(/usr/share/texmf/tex/latex/hyperref/hyperref.cfg
File: hyperref.cfg 2002/06/06 v1.2 hyperref configuration of TeXLive and teTeX
)
Package hyperref Info: Hyper figures OFF on input line 1880.
Package hyperref Info: Link nesting OFF on input line 1885.
Package hyperref Info: Hyper index ON on input line 1888.
Package hyperref Info: Plain pages ON on input line 1893.
Package hyperref Info: Backreferencing OFF on input line 1900.

Implicit mode ON; LaTeX internals redefined
Package hyperref Info: Bookmarks ON on input line 2004.
(/usr/share/texmf/tex/latex/url/url.sty
\Urlmuskip=\muskip10
Package: url 2004/03/15  ver 3.1  Verb mode for urls, etc.
)
LaTeX Info: Redefining \url on input line 2143.
\Fld@menulength=\count90
\Field@Width=\dimen106
\Fld@charsize=\dimen107
\Choice@toks=\toks15
\Field@toks=\toks16
Package hyperref Info: Hyper figures OFF on input line 2618.
Package hyperref Info: Link nesting OFF on input line 2623.
Package hyperref Info: Hyper index ON on input line 2626.
Package hyperref Info: backreferencing OFF on input line 2633.
Package hyperref Info: Link coloring OFF on input line 2638.
\c@Item=\count91
\c@Hfootnote=\count92
)
*hyperref using default driver hpdftex*
(/usr/share/texmf/tex/latex/hyperref/hpdftex.def
File: hpdftex.def 2003/11/30 v6.74m Hyperref driver for pdfTeX

(/usr/share/texmf/tex/latex/psnfss/pifont.sty
Package: pifont 2004/09/15 PSNFSS-v9.2 Pi font support (SPQR) 
LaTeX Font Info:    Try loading font information for U+pzd on input line 63.

(/usr/share/texmf/tex/latex/psnfss/upzd.fd
File: upzd.fd 2001/06/04 font definitions for U/pzd.
)
LaTeX Font Info:    Try loading font information for U+psy on input line 64.

(/usr/share/texmf/tex/latex/psnfss/upsy.fd
File: upsy.fd 2001/06/04 font definitions for U/psy.
))
\Fld@listcount=\count93
\@outlinefile=\write3
) (./Manual.aux)
\openout1 = `Manual.aux'.

LaTeX Font Info:    Checking defaults for OML/cmm/m/it on input line 16.
LaTeX Font Info:    ... okay on input line 16.
LaTeX Font Info:    Checking defaults for T1/cmr/m/n on input line 16.
LaTeX Font Info:    ... okay on input line 16.
LaTeX Font Info:    Checking defaults for OT1/cmr/m/n on input line 16.
LaTeX Font Info:    ... okay on input line 16.
LaTeX Font Info:    Checking defaults for OMS/cmsy/m/n on input line 16.
LaTeX Font Info:    ... okay on input line 16.
LaTeX Font Info:    Checking defaults for OMX/cmex/m/n on input line 16.
LaTeX Font Info:    ... okay on input line 16.
LaTeX Font Info:    Checking defaults for U/cmr/m/n on input line 16.
LaTeX Font Info:    ... okay on input line 16.
LaTeX Font Info:    Checking defaults for PD1/pdf/m/n on input line 16.
LaTeX Font Info:    ... okay on input line 16.

(/usr/share/texmf/tex/context/base/supp-pdf.tex
(/usr/share/texmf/tex/context/base/supp-mis.tex
loading : Context Support Macros / Miscellaneous (2004.10.26)
\protectiondepth=\count94
\scratchcounter=\count95
\scratchtoks=\toks17
\scratchdimen=\dimen108
\scratchskip=\skip43
\scratchmuskip=\muskip11
\scratchbox=\box26
\scratchread=\read1
\scratchwrite=\write4
\zeropoint=\dimen109
\onepoint=\dimen110
\onebasepoint=\dimen111
\minusone=\count96
\thousandpoint=\dimen112
\onerealpoint=\dimen113
\emptytoks=\toks18
\nextbox=\box27
\nextdepth=\dimen114
\everyline=\toks19
\!!counta=\count97
\!!countb=\count98
\recursecounter=\count99
)
loading : Context Support Macros / PDF (2004.03.26)
\nofMPsegments=\count100
\nofMParguments=\count101
\MPscratchCnt=\count102
\MPscratchDim=\dimen115
\MPnumerator=\count103
\everyMPtoPDFconversion=\toks20
)
Package hyperref Info: Link coloring OFF on input line 16.
 (/usr/share/texmf/tex/latex/hyperref/nameref.sty
Package: nameref 2003/12/03 v2.21 Cross-referencing by name of section
\c@section@level=\count104
)
LaTeX Info: Redefining \ref on input line 16.
LaTeX Info: Redefining \pageref on input line 16.
 (./Manual.out)
(./Manual.out)
\openout3 = `Manual.out'.

LaTeX Font Info:    External font `cmex10' loaded for size
(Font)              <14.4> on input line 19.
LaTeX Font Info:    External font `cmex10' loaded for size
(Font)              <7> on input line 19.
LaTeX Font Info:    Try loading font information for OMS+cmr on input line 36.
 (/usr/share/texmf/tex/latex/base/omscmr.fd
File: omscmr.fd 1999/05/25 v2.5h Standard LaTeX font definitions
)
LaTeX Font Info:    Font shape `OMS/cmr/m/n' in size <10.95> not available
(Font)              Font shape `OMS/cmsy/m/n' tried instead on input line 36.
 (./Manual.toc
LaTeX Font Info:    External font `cmex10' loaded for size
(Font)              <12> on input line 3.
LaTeX Font Info:    External font `cmex10' loaded for size
(Font)              <8> on input line 3.
LaTeX Font Info:    External font `cmex10' loaded for size
(Font)              <6> on input line 3.

[1

{/usr/share/texmf-var/fonts/map/pdftex/updmap/pdftex.map}] [2])
\tf@toc=\write5
\openout5 = `Manual.toc'.


(./sections/introduction.tex) (../../../../../installation.tex [3]
LaTeX Font Info:    External font `cmex10' loaded for size
(Font)              <5> on input line 25.

Overfull \hbox (8.37456pt too wide) in paragraph at lines 53--54
[][]$\OT1/cmtt/m/n/12 http : / / wiki . centos . org / AdditionalResources / Re
positories$[] 
 []

[4]
Missing character: There is no Ã in font cmr12!
Missing character: There is no © in font cmr12!
LaTeX Font Info:    Font shape `OMS/cmr/m/n' in size <12> not available
(Font)              Font shape `OMS/cmsy/m/n' tried instead on input line 94.
 [5]) (../../../../../configuration.tex [6]
Overfull \hbox (11.3752pt too wide) in paragraph at lines 64--64
[]\OT1/cmtt/m/n/12 #       Squid only knows about standardized HTTP request met
hods.[] 
 []

[7]
Overfull \hbox (11.3752pt too wide) in paragraph at lines 64--64
[]\OT1/cmtt/m/n/12 #       You can add up to 20 additional "extension" methods 
here.[] 
 []


Overfull \hbox (23.88292pt too wide) in paragraph at lines 96--97
[]\OT1/cmtt/m/n/12 svn co https://projects.centos.org/svn/artwork $\OMS/cmsy/m/
n/12 ^^X$\OT1/cmtt/m/n/12 /Desktop/ 
 []

[8] [9]
Overfull \hbox (32.24086pt too wide) in paragraph at lines 161--168
\OT1/cmr/m/n/12 CentOS Art-work Repos-i-tory, we de-cided to de-fine the \OT1/c
mr/bx/n/12 CentOS[]ARTWORK[]WC
 []

) (./sections/framework.tex
Underfull \hbox (badness 10000) in paragraph at lines 9--10

 []

[10]
Underfull \hbox (badness 10000) in paragraph at lines 57--58

 []

[11] [12]
Underfull \hbox (badness 10000) in paragraph at lines 122--123

 []


<../../../../../../Identity/Models/Distro/Anaconda/Progress/img/build-3.pdf, id
=436, 691.58376pt x 481.8pt>
File: ../../../../../../Identity/Models/Distro/Anaconda/Progress/img/build-3.pd
f Graphic file (type pdf)

<use ../../../../../../Identity/Models/Distro/Anaconda/Progress/img/build-3.pdf
>
<../../../../../../Identity/Models/Distro/Anaconda/Progress/img/build-4.pdf, id
=437, 691.58376pt x 481.8pt>
File: ../../../../../../Identity/Models/Distro/Anaconda/Progress/img/build-4.pd
f Graphic file (type pdf)

<use ../../../../../../Identity/Models/Distro/Anaconda/Progress/img/build-4.pdf
>
<../../../../../../Identity/Models/Distro/Anaconda/Progress/img/build-0.pdf, id
=438, 393.47pt x 332.24126pt>
File: ../../../../../../Identity/Models/Distro/Anaconda/Progress/img/build-0.pd
f Graphic file (type pdf)

<use ../../../../../../Identity/Models/Distro/Anaconda/Progress/img/build-0.pdf
>
<../../../../../../Identity/Models/Distro/Anaconda/Progress/img/build-1.pdf, id
=439, 393.47pt x 232.87pt>
File: ../../../../../../Identity/Models/Distro/Anaconda/Progress/img/build-1.pd
f Graphic file (type pdf)

<use ../../../../../../Identity/Models/Distro/Anaconda/Progress/img/build-1.pdf
>
<../../../../../../Identity/Models/Distro/Anaconda/Progress/img/build-2.pdf, id
=440, 393.47pt x 232.87pt>
File: ../../../../../../Identity/Models/Distro/Anaconda/Progress/img/build-2.pd
f Graphic file (type pdf)

<use ../../../../../../Identity/Models/Distro/Anaconda/Progress/img/build-2.pdf
>
Underfull \hbox (badness 10000) in paragraph at lines 214--215

 []

[13] [14 <../../../../../../Identity/Models/Distro/Anaconda/Progress/img/build-
3.pdf>] [15 <../../../../../../Identity/Models/Distro/Anaconda/Progress/img/bui
ld-4.pdf>] [16 <../../../../../../Identity/Models/Distro/Anaconda/Progress/img/
build-0.pdf>] [17 <../../../../../../Identity/Models/Distro/Anaconda/Progress/i
mg/build-1.pdf> <../../../../../../Identity/Models/Distro/Anaconda/Progress/img
/build-2.pdf>]
Underfull \hbox (badness 10000) in paragraph at lines 247--248

 []

[18] [19] [20]
Overfull \hbox (11.3752pt too wide) in paragraph at lines 423--423
[]\OT1/cmtt/m/n/12 # Warning: Do not modify this file directly. This file is cr
eated[] 
 []


Overfull \hbox (17.5502pt too wide) in paragraph at lines 423--423
[]\OT1/cmtt/m/n/12 # automatically using render.sh translation script. Any chan
ge you[] 
 []


Overfull \hbox (5.2002pt too wide) in paragraph at lines 423--423
[]\OT1/cmtt/m/n/12 # translation script. If you want to improve the content of 
this[] 
 []


Overfull \hbox (11.3752pt too wide) in paragraph at lines 423--423
[]\OT1/cmtt/m/n/12 # translation file, improve its template file instead and ru
n the[] 
 []


Overfull \hbox (23.7252pt too wide) in paragraph at lines 423--423
[]\OT1/cmtt/m/n/12 s/=TEXT2=/CentOS is an enterprise-class Linux Distribution d
erived\[] 
 []


Overfull \hbox (5.2002pt too wide) in paragraph at lines 423--423
[]\OT1/cmtt/m/n/12 from sources freely provided to the public by a prominent No
rth\[] 
 []


Overfull \hbox (29.9002pt too wide) in paragraph at lines 423--423
[]\OT1/cmtt/m/n/12 redistribution policy and aims to be 100% binary compatible.
 CentOS\[] 
 []

[21] [22] [23]
Underfull \hbox (badness 10000) in paragraph at lines 512--513

 []

[24] [25]
Overfull \hbox (18.05084pt too wide) in paragraph at lines 608--613
[]\OT1/cmr/m/n/12 provides in-for-ma-tion about how to re-brand Ana-conda Progr
ess
 []


Overfull \hbox (15.44675pt too wide) in paragraph at lines 608--613
\OT1/cmr/m/n/12 Progress Vi-sual Style \OT1/cmtt/m/n/12 rebranding.tex \OT1/cmr
/m/n/12 file is spe-cific to Ana-conda Progress
 []

[26]
Underfull \hbox (badness 10000) in paragraph at lines 647--648

 []


Overfull \hbox (42.25021pt too wide) in paragraph at lines 695--695
[]\OT1/cmtt/m/n/12 # Template and Translation matching list. Define which desig
n template[] 
 []

) (./sections/rebranding.tex [27] [28]
Overfull \hbox (2.56557pt too wide) in paragraph at lines 13--16
[]\OT1/cmr/m/n/12 CentOS Brands and art-works are or-ga-nized in-side CentOS Ar
t-work Repos-
 []

[29] [30]) (../../../../../Licenses/GFDL.tex
Underfull \hbox (badness 10000) in paragraph at lines 5--14

 []

[31] [32] [33] [34] [35] [36] [37] [38] [39]
Overfull \hbox (17.5502pt too wide) in paragraph at lines 416--416
[]   \OT1/cmtt/m/n/12 document under the terms of the GNU Free Documentation Li
cense,[] 
 []


Overfull \hbox (17.5502pt too wide) in paragraph at lines 416--416
[]   \OT1/cmtt/m/n/12 Version 1.2 or any later version published by the Free So
ftware[] 
 []


Overfull \hbox (5.2002pt too wide) in paragraph at lines 416--416
[]   \OT1/cmtt/m/n/12 Foundation; with no Invariant Sections, no Front-Cover Te
xts,[] 
 []


Overfull \hbox (11.3752pt too wide) in paragraph at lines 416--416
[]   \OT1/cmtt/m/n/12 and no Back-Cover Texts.  A copy of the license is includ
ed in[] 
 []


Overfull \hbox (5.2002pt too wide) in paragraph at lines 425--425
[]   \OT1/cmtt/m/n/12 with the Invariant Sections being LIST THEIR TITLES, with
 the[] 
 []

[40]) [41] (./Manual.aux) ) 
Here is how much of TeX's memory you used:
 2872 strings out of 94500
 40567 string characters out of 1176766
 90951 words of memory out of 1000000
 5890 multiletter control sequences out of 10000+50000
 11008 words of font info for 39 fonts, out of 500000 for 2000
 582 hyphenation exceptions out of 1000
 27i,8n,36p,297b,267s stack positions out of 1500i,500n,5000p,200000b,5000s
PDF statistics:
 650 PDF objects out of 300000
 126 named destinations out of 131072
 562 words of extra memory for PDF output out of 65536
</usr/share/texmf/fonts/type1/bluesky/cm/cmtt10.pfb>
</usr/share/texmf/fonts/type1/bluesky/cm/cmr7.pfb></usr/share/texmf/fonts/type1
/bluesky/cm/cmtt12.pfb></usr/share/texmf/fonts/type1/bluesky/cm/cmr8.pfb></usr/
share/texmf/fonts/type1/bluesky/cm/cmbx12.pfb></usr/share/texmf/fonts/type1/blu
esky/cm/cmsy10.pfb></usr/share/texmf/fonts/type1/bluesky/cm/cmr10.pfb></usr/sha
re/texmf/fonts/type1/bluesky/cm/cmbx10.pfb></usr/share/texmf/fonts/type1/bluesk
y/cm/cmr12.pfb></usr/share/texmf/fonts/type1/bluesky/cm/cmr17.pfb>
Output written on Manual.pdf (41 pages, 342886 bytes).
