This is pdfeTeX, Version 3.141592-1.21a-2.2 (Web2C 7.5.4) (format=pdflatex 2009.1.14)  12 MAR 2010 14:17
entering extended mode
**Manual.tex
(./Manual.tex
LaTeX2e <2003/12/01>
Babel <v3.8d> and hyphenation patterns for american, french, german, ngerman, b
ahasa, basque, bulgarian, catalan, croatian, czech, danish, dutch, esperanto, e
stonian, finnish, greek, icelandic, irish, italian, latin, magyar, norsk, polis
h, portuges, romanian, russian, serbian, slovak, slovene, spanish, swedish, tur
kish, ukrainian, nohyphenation, loaded.
(/usr/share/texmf/tex/latex/base/article.cls
Document Class: article 2004/02/16 v1.4f Standard LaTeX document class
(/usr/share/texmf/tex/latex/base/size12.clo
File: size12.clo 2004/02/16 v1.4f Standard LaTeX file (size option)
)
\c@part=\count79
\c@section=\count80
\c@subsection=\count81
\c@subsubsection=\count82
\c@paragraph=\count83
\c@subparagraph=\count84
\c@figure=\count85
\c@table=\count86
\abovecaptionskip=\skip41
\belowcaptionskip=\skip42
\bibindent=\dimen102
)
(/usr/share/texmf/tex/latex/tools/longtable.sty
Package: longtable 2004/02/01 v4.11 Multi-page Table package (DPC)
\LTleft=\skip43
\LTright=\skip44
\LTpre=\skip45
\LTpost=\skip46
\LTchunksize=\count87
\LTcapwidth=\dimen103
\LT@head=\box26
\LT@firsthead=\box27
\LT@foot=\box28
\LT@lastfoot=\box29
\LT@cols=\count88
\LT@rows=\count89
\c@LT@tables=\count90
\c@LT@chunks=\count91
\LT@p@ftn=\toks14
)
(/usr/share/texmf/tex/latex/graphics/graphicx.sty
Package: graphicx 1999/02/16 v1.0f Enhanced LaTeX Graphics (DPC,SPQR)

(/usr/share/texmf/tex/latex/graphics/keyval.sty
Package: keyval 1999/03/16 v1.13 key=value parser (DPC)
\KV@toks@=\toks15
)
(/usr/share/texmf/tex/latex/graphics/graphics.sty
Package: graphics 2001/07/07 v1.0n Standard LaTeX Graphics (DPC,SPQR)

(/usr/share/texmf/tex/latex/graphics/trig.sty
Package: trig 1999/03/16 v1.09 sin cos tan (DPC)
)
(/usr/share/texmf/tex/latex/graphics/graphics.cfg
File: graphics.cfg 2005/02/03 v1.3 graphics configuration of teTeX/TeXLive
)
Package graphics Info: Driver file: pdftex.def on input line 80.

(/usr/share/texmf/tex/latex/graphics/pdftex.def
File: pdftex.def 2002/06/19 v0.03k graphics/color for pdftex
\Gread@gobject=\count92
))
\Gin@req@height=\dimen104
\Gin@req@width=\dimen105
)
(/usr/share/texmf/tex/latex/hyperref/hyperref.sty
Package: hyperref 2003/11/30 v6.74m Hypertext links for LaTeX
\@linkdim=\dimen106
\Hy@linkcounter=\count93
\Hy@pagecounter=\count94

(/usr/share/texmf/tex/latex/hyperref/pd1enc.def
File: pd1enc.def 2003/11/30 v6.74m Hyperref: PDFDocEncoding definition (HO)
)
(/usr/share/texmf/tex/latex/hyperref/hyperref.cfg
File: hyperref.cfg 2002/06/06 v1.2 hyperref configuration of TeXLive and teTeX
)
Package hyperref Info: Hyper figures OFF on input line 1880.
Package hyperref Info: Link nesting OFF on input line 1885.
Package hyperref Info: Hyper index ON on input line 1888.
Package hyperref Info: Plain pages ON on input line 1893.
Package hyperref Info: Backreferencing OFF on input line 1900.

Implicit mode ON; LaTeX internals redefined
Package hyperref Info: Bookmarks ON on input line 2004.
(/usr/share/texmf/tex/latex/url/url.sty
\Urlmuskip=\muskip10
Package: url 2004/03/15  ver 3.1  Verb mode for urls, etc.
)
LaTeX Info: Redefining \url on input line 2143.
\Fld@menulength=\count95
\Field@Width=\dimen107
\Fld@charsize=\dimen108
\Choice@toks=\toks16
\Field@toks=\toks17
Package hyperref Info: Hyper figures OFF on input line 2618.
Package hyperref Info: Link nesting OFF on input line 2623.
Package hyperref Info: Hyper index ON on input line 2626.
Package hyperref Info: backreferencing OFF on input line 2633.
Package hyperref Info: Link coloring OFF on input line 2638.
\c@Item=\count96
\c@Hfootnote=\count97
)
*hyperref using default driver hpdftex*
(/usr/share/texmf/tex/latex/hyperref/hpdftex.def
File: hpdftex.def 2003/11/30 v6.74m Hyperref driver for pdfTeX

(/usr/share/texmf/tex/latex/psnfss/pifont.sty
Package: pifont 2004/09/15 PSNFSS-v9.2 Pi font support (SPQR) 
LaTeX Font Info:    Try loading font information for U+pzd on input line 63.

(/usr/share/texmf/tex/latex/psnfss/upzd.fd
File: upzd.fd 2001/06/04 font definitions for U/pzd.
)
LaTeX Font Info:    Try loading font information for U+psy on input line 64.

(/usr/share/texmf/tex/latex/psnfss/upsy.fd
File: upsy.fd 2001/06/04 font definitions for U/psy.
))
\Fld@listcount=\count98
\@outlinefile=\write3
) (./Manual.aux)
\openout1 = `Manual.aux'.

LaTeX Font Info:    Checking defaults for OML/cmm/m/it on input line 17.
LaTeX Font Info:    ... okay on input line 17.
LaTeX Font Info:    Checking defaults for T1/cmr/m/n on input line 17.
LaTeX Font Info:    ... okay on input line 17.
LaTeX Font Info:    Checking defaults for OT1/cmr/m/n on input line 17.
LaTeX Font Info:    ... okay on input line 17.
LaTeX Font Info:    Checking defaults for OMS/cmsy/m/n on input line 17.
LaTeX Font Info:    ... okay on input line 17.
LaTeX Font Info:    Checking defaults for OMX/cmex/m/n on input line 17.
LaTeX Font Info:    ... okay on input line 17.
LaTeX Font Info:    Checking defaults for U/cmr/m/n on input line 17.
LaTeX Font Info:    ... okay on input line 17.
LaTeX Font Info:    Checking defaults for PD1/pdf/m/n on input line 17.
LaTeX Font Info:    ... okay on input line 17.

(/usr/share/texmf/tex/context/base/supp-pdf.tex
(/usr/share/texmf/tex/context/base/supp-mis.tex
loading : Context Support Macros / Miscellaneous (2004.10.26)
\protectiondepth=\count99
\scratchcounter=\count100
\scratchtoks=\toks18
\scratchdimen=\dimen109
\scratchskip=\skip47
\scratchmuskip=\muskip11
\scratchbox=\box30
\scratchread=\read1
\scratchwrite=\write4
\zeropoint=\dimen110
\onepoint=\dimen111
\onebasepoint=\dimen112
\minusone=\count101
\thousandpoint=\dimen113
\onerealpoint=\dimen114
\emptytoks=\toks19
\nextbox=\box31
\nextdepth=\dimen115
\everyline=\toks20
\!!counta=\count102
\!!countb=\count103
\recursecounter=\count104
)
loading : Context Support Macros / PDF (2004.03.26)
\nofMPsegments=\count105
\nofMParguments=\count106
\MPscratchCnt=\count107
\MPscratchDim=\dimen116
\MPnumerator=\count108
\everyMPtoPDFconversion=\toks21
)
Package hyperref Info: Link coloring OFF on input line 17.
 (/usr/share/texmf/tex/latex/hyperref/nameref.sty
Package: nameref 2003/12/03 v2.21 Cross-referencing by name of section
\c@section@level=\count109
)
LaTeX Info: Redefining \ref on input line 17.
LaTeX Info: Redefining \pageref on input line 17.
 (./Manual.out)
(./Manual.out)
\openout3 = `Manual.out'.

LaTeX Font Info:    External font `cmex10' loaded for size
(Font)              <14.4> on input line 20.
LaTeX Font Info:    External font `cmex10' loaded for size
(Font)              <7> on input line 20.
 (./Manual.toc
LaTeX Font Info:    External font `cmex10' loaded for size
(Font)              <12> on input line 3.
LaTeX Font Info:    External font `cmex10' loaded for size
(Font)              <8> on input line 3.
LaTeX Font Info:    External font `cmex10' loaded for size
(Font)              <6> on input line 3.
 [1

{/usr/share/texmf-var/fonts/map/pdftex/updmap/pdftex.map}] [2])
\tf@toc=\write5
\openout5 = `Manual.toc'.

 (./sections/introduction.tex) (../../../../../installation.tex
LaTeX Font Info:    External font `cmex10' loaded for size
(Font)              <5> on input line 25.

[3]
Overfull \hbox (8.37456pt too wide) in paragraph at lines 53--54
[][]$\OT1/cmtt/m/n/12 http : / / wiki . centos . org / AdditionalResources / Re
positories$[] 
 []

Missing character: There is no Ã in font cmr12!
Missing character: There is no © in font cmr12!
[4]
LaTeX Font Info:    Try loading font information for OMS+cmr on input line 94.
 (/usr/share/texmf/tex/latex/base/omscmr.fd
File: omscmr.fd 1999/05/25 v2.5h Standard LaTeX font definitions
)
LaTeX Font Info:    Font shape `OMS/cmr/m/n' in size <12> not available
(Font)              Font shape `OMS/cmsy/m/n' tried instead on input line 94.
 [5])
(../../../../../configuration.tex [6]
Overfull \hbox (11.3752pt too wide) in paragraph at lines 60--60
[]\OT1/cmtt/m/n/12 #       Squid only knows about standardized HTTP request met
hods.[] 
 []


Overfull \hbox (11.3752pt too wide) in paragraph at lines 60--60
[]\OT1/cmtt/m/n/12 #       You can add up to 20 additional "extension" methods 
here.[] 
 []

[7]
Overfull \hbox (23.88292pt too wide) in paragraph at lines 92--93
[]\OT1/cmtt/m/n/12 svn co https://projects.centos.org/svn/artwork $\OMS/cmsy/m/
n/12 ^^X$\OT1/cmtt/m/n/12 /Desktop/ 
 []

[8]
LaTeX Font Info:    Font shape `OT1/cmtt/bx/n' in size <12> not available
(Font)              Font shape `OT1/cmtt/m/n' tried instead on input line 162.
 [9]) (./sections/framework.tex
Underfull \hbox (badness 10000) in paragraph at lines 10--11

 []

[10]
Overfull \hbox (4.34142pt too wide) in paragraph at lines 52--57
\OT1/cmr/m/n/12 ported as PNG im-age. As con-ven-tion, we use the word `CENTOSA
RTWORK'
 []


Overfull \hbox (7.31615pt too wide) in paragraph at lines 70--73
[]\OT1/cmr/m/n/12 In Ana-conda Header, mark-ers are used only in the file ana-c
onda[]header.svg,
 []


Overfull \hbox (0.77798pt too wide) in paragraph at lines 70--73
\OT1/cmr/m/n/12 specif-i-cally to set the ma-jor re-lease num-ber of CentOS Dis
-tri-bu-tion in CentOS
 []


Underfull \hbox (badness 10000) in paragraph at lines 98--99

 []

[11]
<../../../../../../Identity/Models/Distro/Anaconda/Header/img/build-0.pdf, id=3
91, 734.745pt x 233.87375pt>
File: ../../../../../../Identity/Models/Distro/Anaconda/Header/img/build-0.pdf 
Graphic file (type pdf)

<use ../../../../../../Identity/Models/Distro/Anaconda/Header/img/build-0.pdf>
<../../../../../../Identity/Models/Distro/Anaconda/Header/img/build-1.pdf, id=3
92, 608.2725pt x 123.46124pt>
File: ../../../../../../Identity/Models/Distro/Anaconda/Header/img/build-1.pdf 
Graphic file (type pdf)

<use ../../../../../../Identity/Models/Distro/Anaconda/Header/img/build-1.pdf>
<../../../../../../Identity/Models/Distro/Anaconda/Header/img/build-2.pdf, id=3
93, 608.2725pt x 123.46124pt>
File: ../../../../../../Identity/Models/Distro/Anaconda/Header/img/build-2.pdf 
Graphic file (type pdf)

<use ../../../../../../Identity/Models/Distro/Anaconda/Header/img/build-2.pdf>
[12 <../../../../../../Identity/Models/Distro/Anaconda/Header/img/build-0.pdf> 
<../../../../../../Identity/Models/Distro/Anaconda/Header/img/build-1.pdf> <../
../../../../../Identity/Models/Distro/Anaconda/Header/img/build-2.pdf>]
Underfull \hbox (badness 10000) in paragraph at lines 157--158

 []

[13]
Underfull \hbox (badness 10000) in paragraph at lines 222--223

 []

[14]
<../../../../../../Identity/Models/Scripts/Rendering/img/build-0.pdf, id=438, 5
29.98pt x 589.20125pt>
File: ../../../../../../Identity/Models/Scripts/Rendering/img/build-0.pdf Graph
ic file (type pdf)

<use ../../../../../../Identity/Models/Scripts/Rendering/img/build-0.pdf>
Underfull \hbox (badness 10000) in paragraph at lines 250--251

 []

) (./sections/rebranding.tex [15] [16 <../../../../../../Identity/Models/Script
s/Rendering/img/build-0.pdf>]
Overfull \hbox (2.56557pt too wide) in paragraph at lines 12--15
[]\OT1/cmr/m/n/12 CentOS Brands and art-works are or-ga-nized in-side CentOS Ar
t-work Repos-
 []

) (../../../../../Licenses/GFDL.tex
Underfull \hbox (badness 10000) in paragraph at lines 5--14

 []

[17] [18] [19] [20] [21] [22] [23] [24] [25]
Overfull \hbox (17.5502pt too wide) in paragraph at lines 416--416
[]   \OT1/cmtt/m/n/12 document under the terms of the GNU Free Documentation Li
cense,[] 
 []


Overfull \hbox (17.5502pt too wide) in paragraph at lines 416--416
[]   \OT1/cmtt/m/n/12 Version 1.2 or any later version published by the Free So
ftware[] 
 []


Overfull \hbox (5.2002pt too wide) in paragraph at lines 416--416
[]   \OT1/cmtt/m/n/12 Foundation; with no Invariant Sections, no Front-Cover Te
xts,[] 
 []


Overfull \hbox (11.3752pt too wide) in paragraph at lines 416--416
[]   \OT1/cmtt/m/n/12 and no Back-Cover Texts.  A copy of the license is includ
ed in[] 
 []


Overfull \hbox (5.2002pt too wide) in paragraph at lines 425--425
[]   \OT1/cmtt/m/n/12 with the Invariant Sections being LIST THEIR TITLES, with
 the[] 
 []

[26]) [27] (./Manual.aux) ) 
Here is how much of TeX's memory you used:
 2901 strings out of 94500
 40239 string characters out of 1176766
 91168 words of memory out of 1000000
 5944 multiletter control sequences out of 10000+50000
 10751 words of font info for 38 fonts, out of 500000 for 2000
 582 hyphenation exceptions out of 1000
 27i,8n,36p,222b,267s stack positions out of 1500i,500n,5000p,200000b,5000s
PDF statistics:
 513 PDF objects out of 300000
 98 named destinations out of 131072
 493 words of extra memory for PDF output out of 65536
</usr/share/texmf/fonts/type1/bluesky/cm/cmsy10.pfb>
</usr/share/texmf/fonts/type1/bluesky/cm/cmtt12.pfb></usr/share/texmf/fonts/typ
e1/bluesky/cm/cmtt10.pfb></usr/share/texmf/fonts/type1/bluesky/cm/cmr7.pfb></us
r/share/texmf/fonts/type1/bluesky/cm/cmr8.pfb></usr/share/texmf/fonts/type1/blu
esky/cm/cmbx12.pfb></usr/share/texmf/fonts/type1/bluesky/cm/cmr10.pfb></usr/sha
re/texmf/fonts/type1/bluesky/cm/cmbx10.pfb></usr/share/texmf/fonts/type1/bluesk
y/cm/cmr12.pfb></usr/share/texmf/fonts/type1/bluesky/cm/cmr17.pfb>
Output written on Manual.pdf (27 pages, 296612 bytes).
